2024-10-14 11:57:48,414 - INFO - process the the collected data from the image ollected using the YOLO to store them in dataframe format.
2024-10-14 11:57:48,414 - INFO - process the the collected data from the image ollected using the YOLO to store them in dataframe format.
2024-10-14 11:57:48,464 - INFO - Create the table 
2024-10-14 11:57:48,464 - INFO - Create the table 
2024-10-14 11:57:48,466 - INFO - cratin the database table 
2024-10-14 11:57:48,466 - INFO - cratin the database table 
2024-10-14 11:57:48,724 - INFO - database table created sucessfully
2024-10-14 11:57:48,724 - INFO - database table created sucessfully
2024-10-14 11:57:48,724 - INFO - Inserting data into the database ...
2024-10-14 11:57:48,724 - INFO - Inserting data into the database ...
2024-10-14 11:57:48,724 - INFO - Data inserted successfully.
2024-10-14 11:57:48,724 - INFO - Data inserted successfully.
2024-10-14 11:59:54,459 - INFO - process the the collected data from the image ollected using the YOLO to store them in dataframe format.
2024-10-14 11:59:54,459 - INFO - process the the collected data from the image ollected using the YOLO to store them in dataframe format.
2024-10-14 11:59:54,461 - INFO - Create the table 
2024-10-14 11:59:54,461 - INFO - Create the table 
2024-10-14 11:59:54,461 - INFO - cratin the database table 
2024-10-14 11:59:54,461 - INFO - cratin the database table 
2024-10-14 11:59:54,472 - INFO - database table created sucessfully
2024-10-14 11:59:54,472 - INFO - database table created sucessfully
2024-10-14 11:59:54,474 - INFO - Inserting data into the database ...
2024-10-14 11:59:54,474 - INFO - Inserting data into the database ...
2024-10-14 11:59:54,475 - INFO - Data inserted successfully.
2024-10-14 11:59:54,475 - INFO - Data inserted successfully.
2024-10-14 11:59:57,059 - INFO - process the the collected data from the image ollected using the YOLO to store them in dataframe format.
2024-10-14 11:59:57,059 - INFO - process the the collected data from the image ollected using the YOLO to store them in dataframe format.
2024-10-14 11:59:57,059 - INFO - Create the table 
2024-10-14 11:59:57,059 - INFO - Create the table 
2024-10-14 11:59:57,059 - INFO - cratin the database table 
2024-10-14 11:59:57,059 - INFO - cratin the database table 
2024-10-14 11:59:57,071 - INFO - database table created sucessfully
2024-10-14 11:59:57,071 - INFO - database table created sucessfully
2024-10-14 11:59:57,072 - INFO - Inserting data into the database ...
2024-10-14 11:59:57,072 - INFO - Inserting data into the database ...
2024-10-14 11:59:57,074 - INFO - Data inserted successfully.
2024-10-14 11:59:57,074 - INFO - Data inserted successfully.
